<?xml version="1.0" encoding="UTF-8"?>
<!-- Generated by org.testng.reporters.JUnitXMLReporter -->
<testsuite hostname="asus-PC" name="Default test" tests="20" failures="0" timestamp="27 Jul 2016 20:56:28 GMT" time="0.313" errors="0">
  <testcase name="testNumTranslatorProcess" time="0.019" classname="test.MerchantGalaxyGuideTest"/>
  <testcase name="testInValidMPCalculator" time="0.005" classname="test.MerchantGalaxyGuideTest"/>
  <testcase name="testInValidMPCalculator" time="0.002" classname="test.MerchantGalaxyGuideTest"/>
  <testcase name="testInValidRomanTranslation" time="0.002" classname="test.MerchantGalaxyGuideTest"/>
  <testcase name="testInValidRomanTranslation" time="0.002" classname="test.MerchantGalaxyGuideTest"/>
  <testcase name="testInvalidArabicTranslation" time="0.005" classname="test.MerchantGalaxyGuideTest"/>
  <testcase name="testInvalidArabicTranslation" time="0.002" classname="test.MerchantGalaxyGuideTest"/>
  <testcase name="testInvalidArabicTranslation" time="0.001" classname="test.MerchantGalaxyGuideTest"/>
  <testcase name="testInvalidArabicTranslation" time="0.003" classname="test.MerchantGalaxyGuideTest"/>
  <testcase name="testInvalidArabicTranslation" time="0.003" classname="test.MerchantGalaxyGuideTest"/>
  <testcase name="testValidArabicTranslation" time="0.003" classname="test.MerchantGalaxyGuideTest"/>
  <testcase name="testValidArabicTranslation" time="0.003" classname="test.MerchantGalaxyGuideTest"/>
  <testcase name="testValidArabicTranslation" time="0.003" classname="test.MerchantGalaxyGuideTest"/>
  <testcase name="testValidArabicTranslation" time="0.003" classname="test.MerchantGalaxyGuideTest"/>
  <testcase name="testValidArabicTranslation" time="0.002" classname="test.MerchantGalaxyGuideTest"/>
  <testcase name="testValidArabicTranslation" time="0.003" classname="test.MerchantGalaxyGuideTest"/>
  <testcase name="testValidMPCalculator" time="0.003" classname="test.MerchantGalaxyGuideTest"/>
  <testcase name="testValidMPCalculator" time="0.003" classname="test.MerchantGalaxyGuideTest"/>
  <testcase name="testValidRomanTranslation" time="0.003" classname="test.MerchantGalaxyGuideTest"/>
  <testcase name="testValidRomanTranslation" time="0.002" classname="test.MerchantGalaxyGuideTest"/>
</testsuite> <!-- Default test -->
