<?xml version="1.0" encoding="UTF-8"?>
<!-- Generated by org.testng.reporters.JUnitXMLReporter -->
<testsuite hostname="asus-PC" name="Default test" tests="32" failures="0" timestamp="28 Jul 2016 08:58:06 GMT" time="0.356" errors="0">
  <testcase name="testNumTranslatorProcess" time="0.017" classname="test.MerchantGalaxyGuideTest"/>
  <testcase name="testInValidMPCalculator" time="0.004" classname="test.MerchantGalaxyGuideTest"/>
  <testcase name="testInValidMPCalculator" time="0.003" classname="test.MerchantGalaxyGuideTest"/>
  <testcase name="testInValidRomanTranslation" time="0.002" classname="test.MerchantGalaxyGuideTest"/>
  <testcase name="testInValidRomanTranslation" time="0.002" classname="test.MerchantGalaxyGuideTest"/>
  <testcase name="testInvalidArabicTranslation" time="0.006" classname="test.MerchantGalaxyGuideTest"/>
  <testcase name="testInvalidArabicTranslation" time="0.002" classname="test.MerchantGalaxyGuideTest"/>
  <testcase name="testInvalidArabicTranslation" time="0.003" classname="test.MerchantGalaxyGuideTest"/>
  <testcase name="testInvalidArabicTranslation" time="0.004" classname="test.MerchantGalaxyGuideTest"/>
  <testcase name="testInvalidArabicTranslation" time="0.002" classname="test.MerchantGalaxyGuideTest"/>
  <testcase name="testValidArabicTranslation" time="0.003" classname="test.MerchantGalaxyGuideTest"/>
  <testcase name="testValidArabicTranslation" time="0.002" classname="test.MerchantGalaxyGuideTest"/>
  <testcase name="testValidArabicTranslation" time="0.003" classname="test.MerchantGalaxyGuideTest"/>
  <testcase name="testValidArabicTranslation" time="0.003" classname="test.MerchantGalaxyGuideTest"/>
  <testcase name="testValidArabicTranslation" time="0.002" classname="test.MerchantGalaxyGuideTest"/>
  <testcase name="testValidArabicTranslation" time="0.002" classname="test.MerchantGalaxyGuideTest"/>
  <testcase name="testValidArabicTranslation" time="0.002" classname="test.MerchantGalaxyGuideTest"/>
  <testcase name="testValidMPCalculator" time="0.002" classname="test.MerchantGalaxyGuideTest"/>
  <testcase name="testValidMPCalculator" time="0.002" classname="test.MerchantGalaxyGuideTest"/>
  <testcase name="testValidRomanTranslation" time="0.002" classname="test.MerchantGalaxyGuideTest"/>
  <testcase name="testValidRomanTranslation" time="0.002" classname="test.MerchantGalaxyGuideTest"/>
  <testcase name="testInValidQProcessor" time="0.002" classname="test.MerchantGalaxyGuideTest"/>
  <testcase name="testInValidQProcessor" time="0.002" classname="test.MerchantGalaxyGuideTest"/>
  <testcase name="testInValidQProcessor" time="0.007" classname="test.MerchantGalaxyGuideTest"/>
  <testcase name="testRgxMismatchProcessor" time="0.002" classname="test.MerchantGalaxyGuideTest"/>
  <testcase name="testRgxMismatchProcessor" time="0.002" classname="test.MerchantGalaxyGuideTest"/>
  <testcase name="testRgxMismatchProcessor" time="0.002" classname="test.MerchantGalaxyGuideTest"/>
  <testcase name="testRgxMismatchProcessor" time="0.002" classname="test.MerchantGalaxyGuideTest"/>
  <testcase name="testValidQProcessor" time="0.004" classname="test.MerchantGalaxyGuideTest"/>
  <testcase name="testValidQProcessor" time="0.005" classname="test.MerchantGalaxyGuideTest"/>
  <testcase name="testValidQProcessor" time="0.005" classname="test.MerchantGalaxyGuideTest"/>
  <testcase name="testValidQProcessor" time="0.006" classname="test.MerchantGalaxyGuideTest"/>
</testsuite> <!-- Default test -->
